<?xml version="1.0" encoding="UTF-8"?>
<testsuite xmlns:xsi="http://www.w3.org/2001/XMLSchema-instance" xsi:noNamespaceSchemaLocation="https://maven.apache.org/surefire/maven-surefire-plugin/xsd/surefire-test-report-3.0.xsd" version="3.0" name="TestSuite" time="5.706" tests="5" errors="0" skipped="0" failures="0">
  <properties>
    <property name="java.specification.version" value="17"/>
    <property name="sun.cpu.isalist" value="amd64"/>
    <property name="sun.jnu.encoding" value="Cp1252"/>
    <property name="java.class.path" value="C:\Users\soumi\IdeaProjects\actiontracker_automation\target\test-classes;C:\Users\soumi\IdeaProjects\actiontracker_automation\target\classes;C:\Users\soumi\.m2\repository\io\rest-assured\rest-assured\5.3.1\rest-assured-5.3.1.jar;C:\Users\soumi\.m2\repository\org\apache\groovy\groovy\4.0.11\groovy-4.0.11.jar;C:\Users\soumi\.m2\repository\org\apache\groovy\groovy-xml\4.0.11\groovy-xml-4.0.11.jar;C:\Users\soumi\.m2\repository\org\apache\httpcomponents\httpclient\4.5.13\httpclient-4.5.13.jar;C:\Users\soumi\.m2\repository\org\apache\httpcomponents\httpcore\4.4.13\httpcore-4.4.13.jar;C:\Users\soumi\.m2\repository\commons-logging\commons-logging\1.2\commons-logging-1.2.jar;C:\Users\soumi\.m2\repository\org\apache\httpcomponents\httpmime\4.5.13\httpmime-4.5.13.jar;C:\Users\soumi\.m2\repository\org\hamcrest\hamcrest\2.2\hamcrest-2.2.jar;C:\Users\soumi\.m2\repository\org\ccil\cowan\tagsoup\tagsoup\1.2.1\tagsoup-1.2.1.jar;C:\Users\soumi\.m2\repository\io\rest-assured\json-path\5.3.1\json-path-5.3.1.jar;C:\Users\soumi\.m2\repository\org\apache\groovy\groovy-json\4.0.11\groovy-json-4.0.11.jar;C:\Users\soumi\.m2\repository\io\rest-assured\rest-assured-common\5.3.1\rest-assured-common-5.3.1.jar;C:\Users\soumi\.m2\repository\io\rest-assured\xml-path\5.3.1\xml-path-5.3.1.jar;C:\Users\soumi\.m2\repository\org\apache\commons\commons-lang3\3.11\commons-lang3-3.11.jar;C:\Users\soumi\.m2\repository\org\testng\testng\6.14.3\testng-6.14.3.jar;C:\Users\soumi\.m2\repository\com\beust\jcommander\1.72\jcommander-1.72.jar;C:\Users\soumi\.m2\repository\org\apache-extras\beanshell\bsh\2.0b6\bsh-2.0b6.jar;C:\Users\soumi\.m2\repository\com\fasterxml\jackson\core\jackson-databind\2.15.3\jackson-databind-2.15.3.jar;C:\Users\soumi\.m2\repository\com\fasterxml\jackson\core\jackson-annotations\2.15.3\jackson-annotations-2.15.3.jar;C:\Users\soumi\.m2\repository\com\fasterxml\jackson\core\jackson-core\2.15.3\jackson-core-2.15.3.jar;C:\Users\soumi\.m2\repository\org\apache\poi\poi\3.15\poi-3.15.jar;C:\Users\soumi\.m2\repository\commons-codec\commons-codec\1.10\commons-codec-1.10.jar;C:\Users\soumi\.m2\repository\org\apache\commons\commons-collections4\4.1\commons-collections4-4.1.jar;C:\Users\soumi\.m2\repository\org\apache\poi\poi-ooxml\3.15\poi-ooxml-3.15.jar;C:\Users\soumi\.m2\repository\org\apache\poi\poi-ooxml-schemas\3.15\poi-ooxml-schemas-3.15.jar;C:\Users\soumi\.m2\repository\org\apache\xmlbeans\xmlbeans\2.6.0\xmlbeans-2.6.0.jar;C:\Users\soumi\.m2\repository\stax\stax-api\1.0.1\stax-api-1.0.1.jar;C:\Users\soumi\.m2\repository\com\github\virtuald\curvesapi\1.04\curvesapi-1.04.jar;C:\Users\soumi\.m2\repository\org\projectlombok\lombok\1.18.30\lombok-1.18.30.jar;C:\Users\soumi\.m2\repository\com\googlecode\json-simple\json-simple\1.1.1\json-simple-1.1.1.jar;C:\Users\soumi\.m2\repository\junit\junit\4.10\junit-4.10.jar;C:\Users\soumi\.m2\repository\org\hamcrest\hamcrest-core\1.1\hamcrest-core-1.1.jar;"/>
    <property name="java.vm.vendor" value="Oracle Corporation"/>
    <property name="sun.arch.data.model" value="64"/>
    <property name="user.variant" value=""/>
    <property name="java.vendor.url" value="https://java.oracle.com/"/>
    <property name="user.timezone" value="America/Los_Angeles"/>
    <property name="suiteXmlFile" value="ActiontrackerTests.xml"/>
    <property name="os.name" value="Windows 11"/>
    <property name="java.vm.specification.version" value="17"/>
    <property name="sun.java.launcher" value="SUN_STANDARD"/>
    <property name="user.country" value="US"/>
    <property name="sun.boot.library.path" value="C:\Program Files\Java\jdk-17\bin"/>
    <property name="sun.java.command" value="C:\Users\soumi\AppData\Local\Temp\surefire16913604931834965193\surefirebooter-20250501102834076_3.jar C:\Users\soumi\AppData\Local\Temp\surefire16913604931834965193 2025-05-01T10-28-33_562-jvmRun1 surefire-20250501102834076_1tmp surefire_0-20250501102834076_2tmp"/>
    <property name="jdk.debug" value="release"/>
    <property name="surefire.test.class.path" value="C:\Users\soumi\IdeaProjects\actiontracker_automation\target\test-classes;C:\Users\soumi\IdeaProjects\actiontracker_automation\target\classes;C:\Users\soumi\.m2\repository\io\rest-assured\rest-assured\5.3.1\rest-assured-5.3.1.jar;C:\Users\soumi\.m2\repository\org\apache\groovy\groovy\4.0.11\groovy-4.0.11.jar;C:\Users\soumi\.m2\repository\org\apache\groovy\groovy-xml\4.0.11\groovy-xml-4.0.11.jar;C:\Users\soumi\.m2\repository\org\apache\httpcomponents\httpclient\4.5.13\httpclient-4.5.13.jar;C:\Users\soumi\.m2\repository\org\apache\httpcomponents\httpcore\4.4.13\httpcore-4.4.13.jar;C:\Users\soumi\.m2\repository\commons-logging\commons-logging\1.2\commons-logging-1.2.jar;C:\Users\soumi\.m2\repository\org\apache\httpcomponents\httpmime\4.5.13\httpmime-4.5.13.jar;C:\Users\soumi\.m2\repository\org\hamcrest\hamcrest\2.2\hamcrest-2.2.jar;C:\Users\soumi\.m2\repository\org\ccil\cowan\tagsoup\tagsoup\1.2.1\tagsoup-1.2.1.jar;C:\Users\soumi\.m2\repository\io\rest-assured\json-path\5.3.1\json-path-5.3.1.jar;C:\Users\soumi\.m2\repository\org\apache\groovy\groovy-json\4.0.11\groovy-json-4.0.11.jar;C:\Users\soumi\.m2\repository\io\rest-assured\rest-assured-common\5.3.1\rest-assured-common-5.3.1.jar;C:\Users\soumi\.m2\repository\io\rest-assured\xml-path\5.3.1\xml-path-5.3.1.jar;C:\Users\soumi\.m2\repository\org\apache\commons\commons-lang3\3.11\commons-lang3-3.11.jar;C:\Users\soumi\.m2\repository\org\testng\testng\6.14.3\testng-6.14.3.jar;C:\Users\soumi\.m2\repository\com\beust\jcommander\1.72\jcommander-1.72.jar;C:\Users\soumi\.m2\repository\org\apache-extras\beanshell\bsh\2.0b6\bsh-2.0b6.jar;C:\Users\soumi\.m2\repository\com\fasterxml\jackson\core\jackson-databind\2.15.3\jackson-databind-2.15.3.jar;C:\Users\soumi\.m2\repository\com\fasterxml\jackson\core\jackson-annotations\2.15.3\jackson-annotations-2.15.3.jar;C:\Users\soumi\.m2\repository\com\fasterxml\jackson\core\jackson-core\2.15.3\jackson-core-2.15.3.jar;C:\Users\soumi\.m2\repository\org\apache\poi\poi\3.15\poi-3.15.jar;C:\Users\soumi\.m2\repository\commons-codec\commons-codec\1.10\commons-codec-1.10.jar;C:\Users\soumi\.m2\repository\org\apache\commons\commons-collections4\4.1\commons-collections4-4.1.jar;C:\Users\soumi\.m2\repository\org\apache\poi\poi-ooxml\3.15\poi-ooxml-3.15.jar;C:\Users\soumi\.m2\repository\org\apache\poi\poi-ooxml-schemas\3.15\poi-ooxml-schemas-3.15.jar;C:\Users\soumi\.m2\repository\org\apache\xmlbeans\xmlbeans\2.6.0\xmlbeans-2.6.0.jar;C:\Users\soumi\.m2\repository\stax\stax-api\1.0.1\stax-api-1.0.1.jar;C:\Users\soumi\.m2\repository\com\github\virtuald\curvesapi\1.04\curvesapi-1.04.jar;C:\Users\soumi\.m2\repository\org\projectlombok\lombok\1.18.30\lombok-1.18.30.jar;C:\Users\soumi\.m2\repository\com\googlecode\json-simple\json-simple\1.1.1\json-simple-1.1.1.jar;C:\Users\soumi\.m2\repository\junit\junit\4.10\junit-4.10.jar;C:\Users\soumi\.m2\repository\org\hamcrest\hamcrest-core\1.1\hamcrest-core-1.1.jar;"/>
    <property name="sun.cpu.endian" value="little"/>
    <property name="user.home" value="C:\Users\soumi"/>
    <property name="user.language" value="en"/>
    <property name="java.specification.vendor" value="Oracle Corporation"/>
    <property name="java.version.date" value="2024-07-16"/>
    <property name="java.home" value="C:\Program Files\Java\jdk-17"/>
    <property name="file.separator" value="\"/>
    <property name="basedir" value="C:\Users\soumi\IdeaProjects\actiontracker_automation"/>
    <property name="java.vm.compressedOopsMode" value="Zero based"/>
    <property name="line.separator" value="&#10;"/>
    <property name="java.vm.specification.vendor" value="Oracle Corporation"/>
    <property name="java.specification.name" value="Java Platform API Specification"/>
    <property name="surefire.real.class.path" value="C:\Users\soumi\AppData\Local\Temp\surefire16913604931834965193\surefirebooter-20250501102834076_3.jar"/>
    <property name="user.script" value=""/>
    <property name="sun.management.compiler" value="HotSpot 64-Bit Tiered Compilers"/>
    <property name="java.runtime.version" value="17.0.12+8-LTS-286"/>
    <property name="user.name" value="soumi"/>
    <property name="path.separator" value=";"/>
    <property name="os.version" value="10.0"/>
    <property name="java.runtime.name" value="Java(TM) SE Runtime Environment"/>
    <property name="file.encoding" value="Cp1252"/>
    <property name="java.vm.name" value="Java HotSpot(TM) 64-Bit Server VM"/>
    <property name="localRepository" value="C:\Users\soumi\.m2\repository"/>
    <property name="java.vendor.url.bug" value="https://bugreport.java.com/bugreport/"/>
    <property name="java.io.tmpdir" value="C:\Users\soumi\AppData\Local\Temp\"/>
    <property name="java.version" value="17.0.12"/>
    <property name="user.dir" value="C:\Users\soumi\IdeaProjects\actiontracker_automation"/>
    <property name="os.arch" value="amd64"/>
    <property name="java.vm.specification.name" value="Java Virtual Machine Specification"/>
    <property name="sun.os.patch.level" value=""/>
    <property name="native.encoding" value="Cp1252"/>
    <property name="java.library.path" value="C:\Program Files\Java\jdk-17\bin;C:\WINDOWS\Sun\Java\bin;C:\WINDOWS\system32;C:\WINDOWS;C:\Program Files\Java\jdk-17\bin;C:\Program Files\Common Files\Oracle\Java\javapath;C:\Windows\system32;C:\Windows;C:\Windows\System32\Wbem;C:\Windows\System32\WindowsPowerShell\v1.0\;C:\Windows\System32\OpenSSH\;C:\Program Files\dotnet\;C:\Program Files (x86)\NVIDIA Corporation\PhysX\Common;C:\Program Files\NVIDIA Corporation\NVIDIA NvDLISR;C:\Program Files\Java\jdk-11\bin;C:\Program Files\Git\cmd;C:\Users\soumi\Downloads\apache-maven-3.9.5\bin;C:\Program Files\nodejs\;C:\Program Files\MySQL\MySQL Server 8.0\bin;C:\Program Files\PostgreSQL\17\bin;C:\Program Files\PostgreSQL\17\lib;C:\Users\soumi\Downloads\apache-maven-3.9.9\bin;C:\Users\soumi\AppData\Local\Programs\Python\Python313;C:\Users\soumi\AppData\Local\Programs\Python\Python313\Scripts;C:\WINDOWS\system32;C:\WINDOWS;C:\WINDOWS\System32\Wbem;C:\WINDOWS\System32\WindowsPowerShell\v1.0\;C:\WINDOWS\System32\OpenSSH\;C:\Program Files\Java\jdk-23;C:\Program Files\Java\jdk-17\bin;C:\Program Files\Java\jdk-17\bin;C:\Program Files\Common Files\Oracle\Java\javapath;C:\Windows\system32;C:\Windows;C:\Windows\System32\Wbem;C:\Windows\System32\WindowsPowerShell\v1.0\;C:\Windows\System32\OpenSSH\;C:\Program Files\dotnet\;C:\Program Files (x86)\NVIDIA Corporation\PhysX\Common;C:\Program Files\NVIDIA Corporation\NVIDIA NvDLISR;C:\Program Files\Java\jdk-11\bin;C:\Program Files\Git\cmd;C:\Users\soumi\Downloads\apache-maven-3.9.5\bin;C:\Program Files\nodejs\;C:\Program Files\MySQL\MySQL Server 8.0\bin;C:\Program Files\PostgreSQL\17\bin;C:\Program Files\PostgreSQL\17\lib;C:\Users\soumi\Downloads\apache-maven-3.9.9\bin;C:\Users\soumi\AppData\Local\Programs\Python\Python313;C:\Users\soumi\AppData\Local\Programs\Python\Python313\Scripts;C:\WINDOWS\system32;C:\WINDOWS;C:\WINDOWS\System32\Wbem;C:\WINDOWS\System32\WindowsPowerShell\v1.0\;C:\WINDOWS\System32\OpenSSH\;C:\Program Files\Java\jdk-23;;."/>
    <property name="java.vm.info" value="mixed mode, sharing"/>
    <property name="java.vendor" value="Oracle Corporation"/>
    <property name="java.vm.version" value="17.0.12+8-LTS-286"/>
    <property name="baseURI" value="https://flowsoft-att-backend-dev-c9fb49414d00.herokuapp.com/api/v1"/>
    <property name="sun.io.unicode.encoding" value="UnicodeLittle"/>
    <property name="java.class.version" value="61.0"/>
  </properties>
  <testcase name="retrieveAllActionitems" classname="com.flowsoft.actiontrackercrudtests.ActiontrackerCRUDTests" time="2.552">
    <system-err><![CDATA[May 01, 2025 10:28:34 AM com.flowsoft.actiontrackercrudtests.ActiontrackerCRUDTests retrieveAllActionitems
INFO: 

====================================================================================
May 01, 2025 10:28:34 AM com.flowsoft.actiontrackercrudtests.ActiontrackerCRUDTests retrieveAllActionitems
INFO: *********************************************** TEST001 - Test to retrieve all Action Items ***********************************************
May 01, 2025 10:28:34 AM com.flowsoft.actiontrackercrud.ActiontrackerCRUDFunctions getAllActionitems
INFO: 

=========================== Issuing API GET call to retrieve all Action Items  ===========================
May 01, 2025 10:28:36 AM com.flowsoft.actiontrackercrud.ActiontrackerCRUDFunctions getAllActionitems
INFO: 

======== API GET call completed successfully; HTTP Status Code of 200 validated =========================
May 01, 2025 10:28:37 AM com.flowsoft.actiontrackercrud.ActiontrackerCRUDFunctions getAllActionitems
INFO: Count of Action Items - Expected: >= 0; Actual:  3
May 01, 2025 10:28:37 AM com.flowsoft.actiontrackercrud.ActiontrackerCRUDFunctions getAllActionitems
INFO: Count of Action Items validated to be >= 0
]]></system-err>
  </testcase>
  <testcase name="createNewActionitem" classname="com.flowsoft.actiontrackercrudtests.ActiontrackerCRUDTests" time="0.929">
    <system-err><![CDATA[May 01, 2025 10:28:37 AM com.flowsoft.actiontrackercrudtests.ActiontrackerCRUDTests createNewActionitem
INFO: 

====================================================================================
May 01, 2025 10:28:37 AM com.flowsoft.actiontrackercrudtests.ActiontrackerCRUDTests createNewActionitem
INFO: *********************************************** TEST002 - Test to create new Action Item ************************************************
May 01, 2025 10:28:37 AM com.flowsoft.actiontrackercrud.ActiontrackerCRUDFunctions createActionitem
INFO: 

====================== Issuing API POST call to create new Action Item  ============================
May 01, 2025 10:28:38 AM com.flowsoft.actiontrackercrud.ActiontrackerCRUDFunctions createActionitem
INFO: 

=========================== API POST call completed successfully and HTTP Status Code of 201 validated ===========================
May 01, 2025 10:28:38 AM com.flowsoft.actiontrackercrud.ActiontrackerCRUDFunctions createActionitem
INFO: Action Item created with ID: 6813af452b039ea4633b9bb5
May 01, 2025 10:28:38 AM com.flowsoft.actiontrackercrud.ActiontrackerCRUDFunctions createActionitem
INFO: 
+++++++++++++++++++++++++++++++ Comparing Action Item parameters +++++++++++++++++++++++++++++++ 
May 01, 2025 10:28:38 AM com.flowsoft.actiontrackercrud.ActiontrackerCRUDFunctions assertActionitemStringParameter
INFO: Parameter "Summary" Expected value: Concert tickets
May 01, 2025 10:28:38 AM com.flowsoft.actiontrackercrud.ActiontrackerCRUDFunctions assertActionitemStringParameter
INFO: Parameter "Summary" Actual value: Concert tickets
May 01, 2025 10:28:38 AM com.flowsoft.actiontrackercrud.ActiontrackerCRUDFunctions assertActionitemStringParameter
INFO: Validation completed for Parameter "Summary"
May 01, 2025 10:28:38 AM com.flowsoft.actiontrackercrud.ActiontrackerCRUDFunctions assertActionitemStringParameter
INFO: Parameter "Description" Expected value: Book tickets for upcoming concert
May 01, 2025 10:28:38 AM com.flowsoft.actiontrackercrud.ActiontrackerCRUDFunctions assertActionitemStringParameter
INFO: Parameter "Description" Actual value: Book tickets for upcoming concert
May 01, 2025 10:28:38 AM com.flowsoft.actiontrackercrud.ActiontrackerCRUDFunctions assertActionitemStringParameter
INFO: Validation completed for Parameter "Description"
May 01, 2025 10:28:38 AM com.flowsoft.actiontrackercrud.ActiontrackerCRUDFunctions assertActionitemStringParameter
INFO: Parameter "Criticality" Expected value: high
May 01, 2025 10:28:38 AM com.flowsoft.actiontrackercrud.ActiontrackerCRUDFunctions assertActionitemStringParameter
INFO: Parameter "Criticality" Actual value: high
May 01, 2025 10:28:38 AM com.flowsoft.actiontrackercrud.ActiontrackerCRUDFunctions assertActionitemStringParameter
INFO: Validation completed for Parameter "Criticality"
May 01, 2025 10:28:38 AM com.flowsoft.actiontrackercrud.ActiontrackerCRUDFunctions assertActionitemStringParameter
INFO: Parameter "Importance" Expected value: important
May 01, 2025 10:28:38 AM com.flowsoft.actiontrackercrud.ActiontrackerCRUDFunctions assertActionitemStringParameter
INFO: Parameter "Importance" Actual value: important
May 01, 2025 10:28:38 AM com.flowsoft.actiontrackercrud.ActiontrackerCRUDFunctions assertActionitemStringParameter
INFO: Validation completed for Parameter "Importance"
May 01, 2025 10:28:38 AM com.flowsoft.actiontrackercrud.ActiontrackerCRUDFunctions assertActionitemStringParameter
INFO: Parameter "Due Date" Expected value: 2025-04-14T00:00:00.000Z
May 01, 2025 10:28:38 AM com.flowsoft.actiontrackercrud.ActiontrackerCRUDFunctions assertActionitemStringParameter
INFO: Parameter "Due Date" Actual value: 2025-04-14T00:00:00.000Z
May 01, 2025 10:28:38 AM com.flowsoft.actiontrackercrud.ActiontrackerCRUDFunctions assertActionitemStringParameter
INFO: Validation completed for Parameter "Due Date"
]]></system-err>
  </testcase>
  <testcase name="retrieveNewActionitem" classname="com.flowsoft.actiontrackercrudtests.ActiontrackerCRUDTests" time="0.448">
    <system-err><![CDATA[May 01, 2025 10:28:38 AM com.flowsoft.actiontrackercrudtests.ActiontrackerCRUDTests retrieveNewActionitem
INFO: 

====================================================================================
May 01, 2025 10:28:38 AM com.flowsoft.actiontrackercrudtests.ActiontrackerCRUDTests retrieveNewActionitem
INFO: *********************************************** TEST003 - Test to retrieve new Action Item ************************************************
May 01, 2025 10:28:38 AM com.flowsoft.actiontrackercrud.ActiontrackerCRUDFunctions getSingleActionitem
INFO: 

=========================== Issuing API GET call to retrieve new Action Item  ============================
May 01, 2025 10:28:38 AM com.flowsoft.actiontrackercrud.ActiontrackerCRUDFunctions getSingleActionitem
INFO: 

=========================== API GET call to retrieve new Action Item completed successfully and HTTP Status Code of 200 validated ===========================
May 01, 2025 10:28:38 AM com.flowsoft.actiontrackercrud.ActiontrackerCRUDFunctions getSingleActionitem
INFO: 
+++++++++++++++++++++++++++++++ Comparing Action Item parameters +++++++++++++++++++++++++++++++ 
May 01, 2025 10:28:38 AM com.flowsoft.actiontrackercrud.ActiontrackerCRUDFunctions assertActionitemStringParameter
INFO: Parameter "Summary" Expected value: Concert tickets
May 01, 2025 10:28:38 AM com.flowsoft.actiontrackercrud.ActiontrackerCRUDFunctions assertActionitemStringParameter
INFO: Parameter "Summary" Actual value: Concert tickets
May 01, 2025 10:28:38 AM com.flowsoft.actiontrackercrud.ActiontrackerCRUDFunctions assertActionitemStringParameter
INFO: Validation completed for Parameter "Summary"
May 01, 2025 10:28:38 AM com.flowsoft.actiontrackercrud.ActiontrackerCRUDFunctions assertActionitemStringParameter
INFO: Parameter "Description" Expected value: Book tickets for upcoming concert
May 01, 2025 10:28:38 AM com.flowsoft.actiontrackercrud.ActiontrackerCRUDFunctions assertActionitemStringParameter
INFO: Parameter "Description" Actual value: Book tickets for upcoming concert
May 01, 2025 10:28:38 AM com.flowsoft.actiontrackercrud.ActiontrackerCRUDFunctions assertActionitemStringParameter
INFO: Validation completed for Parameter "Description"
May 01, 2025 10:28:38 AM com.flowsoft.actiontrackercrud.ActiontrackerCRUDFunctions assertActionitemStringParameter
INFO: Parameter "Criticality" Expected value: high
May 01, 2025 10:28:38 AM com.flowsoft.actiontrackercrud.ActiontrackerCRUDFunctions assertActionitemStringParameter
INFO: Parameter "Criticality" Actual value: high
May 01, 2025 10:28:38 AM com.flowsoft.actiontrackercrud.ActiontrackerCRUDFunctions assertActionitemStringParameter
INFO: Validation completed for Parameter "Criticality"
May 01, 2025 10:28:38 AM com.flowsoft.actiontrackercrud.ActiontrackerCRUDFunctions assertActionitemStringParameter
INFO: Parameter "Importance" Expected value: important
May 01, 2025 10:28:38 AM com.flowsoft.actiontrackercrud.ActiontrackerCRUDFunctions assertActionitemStringParameter
INFO: Parameter "Importance" Actual value: important
May 01, 2025 10:28:38 AM com.flowsoft.actiontrackercrud.ActiontrackerCRUDFunctions assertActionitemStringParameter
INFO: Validation completed for Parameter "Importance"
May 01, 2025 10:28:38 AM com.flowsoft.actiontrackercrud.ActiontrackerCRUDFunctions assertActionitemStringParameter
INFO: Parameter "Due Date" Expected value: 2025-04-14T00:00:00.000Z
May 01, 2025 10:28:38 AM com.flowsoft.actiontrackercrud.ActiontrackerCRUDFunctions assertActionitemStringParameter
INFO: Parameter "Due Date" Actual value: 2025-04-14T00:00:00.000Z
May 01, 2025 10:28:38 AM com.flowsoft.actiontrackercrud.ActiontrackerCRUDFunctions assertActionitemStringParameter
INFO: Validation completed for Parameter "Due Date"
]]></system-err>
  </testcase>
  <testcase name="updateNewActionitem" classname="com.flowsoft.actiontrackercrudtests.ActiontrackerCRUDTests" time="0.45">
    <system-err><![CDATA[May 01, 2025 10:28:38 AM com.flowsoft.actiontrackercrudtests.ActiontrackerCRUDTests updateNewActionitem
INFO: 

====================================================================================
May 01, 2025 10:28:38 AM com.flowsoft.actiontrackercrudtests.ActiontrackerCRUDTests updateNewActionitem
INFO: *********************************************** TEST004 - Test to update new Action Item ************************************************
May 01, 2025 10:28:38 AM com.flowsoft.actiontrackercrud.ActiontrackerCRUDFunctions updateSingleActionitem
INFO: 

=========================== Issuing API PUT call to update new Action Item  ============================
May 01, 2025 10:28:38 AM com.flowsoft.actiontrackercrud.ActiontrackerCRUDFunctions updateSingleActionitem
INFO: 

=========================== API PUT call to update new Action Item completed successfully and HTTP Status Code of 200 validated ===========================
May 01, 2025 10:28:38 AM com.flowsoft.actiontrackercrud.ActiontrackerCRUDFunctions updateSingleActionitem
INFO: 
+++++++++++++++++++++++++++++++ Comparing Action Item parameters +++++++++++++++++++++++++++++++ 
May 01, 2025 10:28:39 AM com.flowsoft.actiontrackercrud.ActiontrackerCRUDFunctions assertActionitemStringParameter
INFO: Parameter "Summary" Expected value: Tax filing
May 01, 2025 10:28:39 AM com.flowsoft.actiontrackercrud.ActiontrackerCRUDFunctions assertActionitemStringParameter
INFO: Parameter "Summary" Actual value: Tax filing
May 01, 2025 10:28:39 AM com.flowsoft.actiontrackercrud.ActiontrackerCRUDFunctions assertActionitemStringParameter
INFO: Validation completed for Parameter "Summary"
May 01, 2025 10:28:39 AM com.flowsoft.actiontrackercrud.ActiontrackerCRUDFunctions assertActionitemStringParameter
INFO: Parameter "Description" Expected value: File taxes for current year
May 01, 2025 10:28:39 AM com.flowsoft.actiontrackercrud.ActiontrackerCRUDFunctions assertActionitemStringParameter
INFO: Parameter "Description" Actual value: File taxes for current year
May 01, 2025 10:28:39 AM com.flowsoft.actiontrackercrud.ActiontrackerCRUDFunctions assertActionitemStringParameter
INFO: Validation completed for Parameter "Description"
May 01, 2025 10:28:39 AM com.flowsoft.actiontrackercrud.ActiontrackerCRUDFunctions assertActionitemStringParameter
INFO: Parameter "Criticality" Expected value: medium
May 01, 2025 10:28:39 AM com.flowsoft.actiontrackercrud.ActiontrackerCRUDFunctions assertActionitemStringParameter
INFO: Parameter "Criticality" Actual value: medium
May 01, 2025 10:28:39 AM com.flowsoft.actiontrackercrud.ActiontrackerCRUDFunctions assertActionitemStringParameter
INFO: Validation completed for Parameter "Criticality"
May 01, 2025 10:28:39 AM com.flowsoft.actiontrackercrud.ActiontrackerCRUDFunctions assertActionitemStringParameter
INFO: Parameter "Importance" Expected value: unimportant
May 01, 2025 10:28:39 AM com.flowsoft.actiontrackercrud.ActiontrackerCRUDFunctions assertActionitemStringParameter
INFO: Parameter "Importance" Actual value: unimportant
May 01, 2025 10:28:39 AM com.flowsoft.actiontrackercrud.ActiontrackerCRUDFunctions assertActionitemStringParameter
INFO: Validation completed for Parameter "Importance"
May 01, 2025 10:28:39 AM com.flowsoft.actiontrackercrud.ActiontrackerCRUDFunctions assertActionitemStringParameter
INFO: Parameter "Due Date" Expected value: 2025-04-15T00:00:00.000Z
May 01, 2025 10:28:39 AM com.flowsoft.actiontrackercrud.ActiontrackerCRUDFunctions assertActionitemStringParameter
INFO: Parameter "Due Date" Actual value: 2025-04-15T00:00:00.000Z
May 01, 2025 10:28:39 AM com.flowsoft.actiontrackercrud.ActiontrackerCRUDFunctions assertActionitemStringParameter
INFO: Validation completed for Parameter "Due Date"
]]></system-err>
  </testcase>
  <testcase name="deleteNewActionitem" classname="com.flowsoft.actiontrackercrudtests.ActiontrackerCRUDTests" time="0.801">
    <system-err><![CDATA[May 01, 2025 10:28:39 AM com.flowsoft.actiontrackercrudtests.ActiontrackerCRUDTests deleteNewActionitem
INFO: 

====================================================================================
May 01, 2025 10:28:39 AM com.flowsoft.actiontrackercrudtests.ActiontrackerCRUDTests deleteNewActionitem
INFO: *********************************************** TEST004 - Test to update new Action Item ************************************************
May 01, 2025 10:28:39 AM com.flowsoft.actiontrackercrud.ActiontrackerCRUDFunctions deleteSingleActionitem
INFO: 

=============== Issuing API DELETE call to delete new Action Item and validate deletion success ============================
May 01, 2025 10:28:39 AM com.flowsoft.actiontrackercrud.ActiontrackerCRUDFunctions deleteSingleActionitem
INFO: 

=========================== API DELETE call to delete new Action Item completed successfully and HTTP Status Code of 200 validated ===========================
May 01, 2025 10:28:39 AM com.flowsoft.actiontrackercrud.ActiontrackerCRUDFunctions deleteSingleActionitem
INFO: 
+++++++++++++++++++++++++++++++ Comparing response parameter +++++++++++++++++++++++++++++++ 
May 01, 2025 10:28:39 AM com.flowsoft.actiontrackercrud.ActiontrackerCRUDFunctions assertActionitemStringParameter
INFO: Parameter "success" Expected value: true
May 01, 2025 10:28:39 AM com.flowsoft.actiontrackercrud.ActiontrackerCRUDFunctions assertActionitemStringParameter
INFO: Parameter "success" Actual value: true
May 01, 2025 10:28:39 AM com.flowsoft.actiontrackercrud.ActiontrackerCRUDFunctions assertActionitemStringParameter
INFO: Validation completed for Parameter "success"
May 01, 2025 10:28:39 AM com.flowsoft.actiontrackercrud.ActiontrackerCRUDFunctions deleteSingleActionitem
INFO: 

=============== Re-issuing API DELETE call to delete new Action Item and validate deletion failure ============================
May 01, 2025 10:28:39 AM com.flowsoft.actiontrackercrud.ActiontrackerCRUDFunctions deleteSingleActionitem
INFO: 

=========================== API DELETE call to delete new Action Item not completed successfully and HTTP Status Code of " + statusCode + " validated ===========================
May 01, 2025 10:28:39 AM com.flowsoft.actiontrackercrud.ActiontrackerCRUDFunctions deleteSingleActionitem
INFO: 
+++++++++++++++++++++++++++++++ Comparing response parameter +++++++++++++++++++++++++++++++ 
May 01, 2025 10:28:39 AM com.flowsoft.actiontrackercrud.ActiontrackerCRUDFunctions assertActionitemStringParameter
INFO: Parameter "success" Expected value: false
May 01, 2025 10:28:39 AM com.flowsoft.actiontrackercrud.ActiontrackerCRUDFunctions assertActionitemStringParameter
INFO: Parameter "success" Actual value: false
May 01, 2025 10:28:39 AM com.flowsoft.actiontrackercrud.ActiontrackerCRUDFunctions assertActionitemStringParameter
INFO: Validation completed for Parameter "success"
]]></system-err>
  </testcase>
</testsuite>