<?xml version="1.0" encoding="UTF-8"?>
<!-- Generated by org.testng.reporters.JUnitReportReporter -->
<testsuite hostname="SLHOME_DELL2023" failures="0" tests="5" name="com.flowsoft.actiontrackercrudtests.ActiontrackerCRUDTests" time="5.164" errors="0" timestamp="01 May 2025 17:28:40 GMT" skipped="0">
  <testcase classname="com.flowsoft.actiontrackercrudtests.ActiontrackerCRUDTests" name="retrieveAllActionitems" time="2.552"/>
  <testcase classname="com.flowsoft.actiontrackercrudtests.ActiontrackerCRUDTests" name="createNewActionitem" time="0.929"/>
  <testcase classname="com.flowsoft.actiontrackercrudtests.ActiontrackerCRUDTests" name="retrieveNewActionitem" time="0.448"/>
  <testcase classname="com.flowsoft.actiontrackercrudtests.ActiontrackerCRUDTests" name="updateNewActionitem" time="0.450"/>
  <testcase classname="com.flowsoft.actiontrackercrudtests.ActiontrackerCRUDTests" name="deleteNewActionitem" time="0.785"/>
</testsuite> <!-- com.flowsoft.actiontrackercrudtests.ActiontrackerCRUDTests -->
